#
# A fatal error has been detected by the Java Runtime Environment:
#
#  EXCEPTION_PRIV_INSTRUCTION (0xc0000096) at pc=0x000000018000c278, pid=81424, tid=82148
#
# JRE version: OpenJDK Runtime Environment JBR-21.0.3+13-509.15-jcef (21.0.3+13) (build 21.0.3+13-b509.15)
# Java VM: OpenJDK 64-Bit Server VM JBR-21.0.3+13-509.15-jcef (21.0.3+13-b509.15, mixed mode, tiered, compressed oops, compressed class ptrs, g1 gc, windows-amd64)
# Problematic frame:
# C  [ASProxy64.dll+0xc278]
#
# No core dump will be written. Minidumps are not enabled by default on client versions of Windows
#
# If you would like to submit a bug report, please visit:
#   https://youtrack.jetbrains.com/issues/JBR
# The crash happened outside the Java Virtual Machine in native code.
# See problematic frame for where to report the bug.
#

---------------  S U M M A R Y ------------

Command Line: abort vfprintf -XX:ErrorFile=C:\Users\counull\java_error_in_rider_%p.log -XX:HeapDumpPath=C:\Users\counull\java_error_in_rider.hprof -Xms128m -Xmx2048m -XX:+HeapDumpOnOutOfMemoryError -XX:-OmitStackTraceInFastThrow -XX:+IgnoreUnrecognizedVMOptions -ea -Dsun.io.useCanonCaches=false -Dsun.java2d.metal=true -Djbr.catch.SIGABRT=true -Djdk.http.auth.tunneling.disabledSchemes="" -Djdk.attach.allowAttachSelf=true -Djdk.module.illegalAccess.silent=true -Dkotlinx.coroutines.debug=off -XX:CICompilerCount=2 -XX:ReservedCodeCacheSize=512m -XX:+UnlockDiagnosticVMOptions -XX:TieredOldPercentage=100000 -Xms128m -Xmx4096m -XX:ReservedCodeCacheSize=512m -XX:+IgnoreUnrecognizedVMOptions -XX:+UseG1GC -XX:SoftRefLRUPolicyMSPerMB=50 -XX:CICompilerCount=2 -XX:+HeapDumpOnOutOfMemoryError -XX:-OmitStackTraceInFastThrow -ea -Dsun.io.useCanonCaches=false -Djdk.http.auth.tunneling.disabledSchemes="" -Djdk.attach.allowAttachSelf=true -Djdk.module.illegalAccess.silent=true -Dkotlinx.coroutines.debug=off -XX:ErrorFile=$USER_HOME/java_error_in_idea_%p.log -XX:HeapDumpPath=$USER_HOME/java_error_in_idea.hprof --add-opens=java.base/jdk.internal.org.objectweb.asm=ALL-UNNAMED --add-opens=java.base/jdk.internal.org.objectweb.asm.tree=ALL-UNNAMED -javaagent:F:\jetbra\ja-netfilter.jar=jetbrains -Djb.vmOptionsFile=F:\jetbra\vmoptions\rider.vmoptions -Djava.system.class.loader=com.intellij.util.lang.PathClassLoader -Didea.vendor.name=JetBrains -Didea.paths.selector=Rider2024.2 -Djna.boot.library.path=E:\JetBrains\Rider/lib/jna/amd64 -Dpty4j.preferred.native.folder=E:\JetBrains\Rider/lib/pty4j -Djna.nosys=true -Djna.noclasspath=true -Dintellij.platform.runtime.repository.path=E:\JetBrains\Rider/modules/module-descriptors.jar -Didea.platform.prefix=Rider -Dide.native.launcher=true -Didea.class.before.app=com.jetbrains.rider.protocol.EarlyBackendStarter -Didea.show.customize.ide.wizard=true -DFilePageCache.THROW_ERROR_ON_DUPLICATE_STORAGE_REGISTRATION=false -Dsplash=true -Daether.connector.resumeDownloads=false --add-opens=java.base/java.io=ALL-UNNAMED --add-opens=java.base/java.lang=ALL-UNNAMED --add-opens=java.base/java.lang.ref=ALL-UNNAMED --add-opens=java.base/java.lang.reflect=ALL-UNNAMED --add-opens=java.base/java.net=ALL-UNNAMED --add-opens=java.base/java.nio=ALL-UNNAMED --add-opens=java.base/java.nio.charset=ALL-UNNAMED --add-opens=java.base/java.text=ALL-UNNAMED --add-opens=java.base/java.time=ALL-UNNAMED --add-opens=java.base/java.util=ALL-UNNAMED --add-opens=java.base/java.util.concurrent=ALL-UNNAMED --add-opens=java.base/java.util.concurrent.atomic=ALL-UNNAMED --add-opens=java.base/java.util.concurrent.locks=ALL-UNNAMED --add-opens=java.base/jdk.internal.vm=ALL-UNNAMED --add-opens=java.base/sun.net.dns=ALL-UNNAMED --add-opens=java.base/sun.nio.ch=ALL-UNNAMED --add-opens=java.base/sun.nio.fs=ALL-UNNAMED --add-opens=java.base/sun.security.ssl=ALL-UNNAMED --add-opens=java.base/sun.security.util=ALL-UNNAMED --add-opens=java.desktop/com.sun.java.swing=ALL-UNNAMED --add-opens=java.desktop/java.awt=ALL-UNNAMED --add-opens=java.desktop/java.awt.dnd.peer=ALL-UNNAMED --add-opens=java.desktop/java.awt.event=ALL-UNNAMED --add-opens=java.desktop/java.awt.font=ALL-UNNAMED --add-opens=java.desktop/java.awt.image=ALL-UNNAMED --add-opens=java.desktop/java.awt.peer=ALL-UNNAMED --add-opens=java.desktop/javax.swing=ALL-UNNAMED --add-opens=java.desktop/javax.swing.plaf.basic=ALL-UNNAMED --add-opens=java.desktop/javax.swing.text=ALL-UNNAMED --add-opens=java.desktop/javax.swing.text.html=ALL-UNNAMED --add-opens=java.desktop/sun.awt=ALL-UNNAMED --add-opens=java.desktop/sun.awt.datatransfer=ALL-UNNAMED --add-opens=java.desktop/sun.awt.image=ALL-UNNAMED --add-opens=java.desktop/sun.awt.windows=ALL-UNNAMED --add-opens=java.desktop/sun.font=ALL-UNNAMED --add-opens=java.desktop/sun.java2d=ALL-UNNAMED --add-opens=java.desktop/sun.swing=ALL-UNNAMED --add-opens=java.management/sun.management=ALL-UNNAMED --add-opens=jdk.attach/sun.tools.attach=ALL-UNNAMED --add-opens=jdk.compiler/com.sun.tools.javac.api=ALL-UNNAMED --add-opens=jdk.internal.jvmstat/sun.jvmstat.monitor=ALL-UNNAMED --add-opens=jdk.jdi/com.sun.tools.jdi=ALL-UNNAMED -Dide.native.launcher=true -Djcef.sandbox.ptr=0000023B753397A0 -Djcef.sandbox.cefVersion=122.1.9+gd14e051+chromium-122.0.6261.94 com.intellij.idea.Main F:\Project\UnityProject\Dots-2D-URP\Dots-2D-URP.sln --line -1 --column -1 F:\Project\UnityProject\Dots-2D-URP\Assets\Scripts\GameBootstrap.cs

Host: AMD Ryzen 7 3700X 8-Core Processor             , 16 cores, 31G,  Windows 11 , 64 bit Build 26100 (10.0.26100.2992)
Time: Wed Feb 12 11:37:31 2025  Windows 11 , 64 bit Build 26100 (10.0.26100.2992) elapsed time: 0.672855 seconds (0d 0h 0m 0s)

---------------  T H R E A D  ---------------

Current thread (0x0000023b522eb7b0):  JavaThread "DefaultDispatcher-worker-6" daemon [_thread_in_native, id=82148, stack(0x0000005445d40000,0x0000005445e40000) (1024K)]

Stack: [0x0000005445d40000,0x0000005445e40000],  sp=0x0000005445e3ed80,  free space=1019k
Native frames: (J=compiled Java code, j=interpreted, Vv=VM code, C=native code)
C  [ASProxy64.dll+0xc278]

Java frames: (J=compiled Java code, j=interpreted, Vv=VM code)
j  sun.nio.ch.WEPoll.ctl(JIJI)I+0 java.base@21.0.3
j  sun.nio.ch.WEPollSelectorImpl.<init>(Ljava/nio/channels/spi/SelectorProvider;)V+139 java.base@21.0.3
j  sun.nio.ch.WEPollSelectorProvider.openSelector()Ljava/nio/channels/spi/AbstractSelector;+5 java.base@21.0.3
j  java.nio.channels.Selector.open()Ljava/nio/channels/Selector;+3 java.base@21.0.3
j  com.intellij.platform.ide.bootstrap.DirectoryLock.tryConnect(Ljava/util/List;Ljava/nio/file/Path;)Lcom/intellij/ide/CliResult;+23
j  com.intellij.platform.ide.bootstrap.DirectoryLock.lockOrActivate(Ljava/nio/file/Path;Ljava/util/List;)Lcom/intellij/ide/CliResult;+87
j  com.intellij.platform.ide.bootstrap.StartupUtil$lockSystemDirs$result$1.invokeSuspend(Ljava/lang/Object;)Ljava/lang/Object;+44
j  kotlin.coroutines.jvm.internal.BaseContinuationImpl.resumeWith(Ljava/lang/Object;)V+44
j  kotlinx.coroutines.DispatchedTask.run()V+340
j  kotlinx.coroutines.internal.SoftLimitedDispatcher$Worker.run()V+8
j  kotlinx.coroutines.scheduling.TaskImpl.run()V+5
j  kotlinx.coroutines.scheduling.CoroutineScheduler.runSafely(Lkotlinx/coroutines/scheduling/Task;)V+2
j  kotlinx.coroutines.scheduling.CoroutineScheduler$Worker.executeTask(Lkotlinx/coroutines/scheduling/Task;)V+35
j  kotlinx.coroutines.scheduling.CoroutineScheduler$Worker.runWorker()V+44
j  kotlinx.coroutines.scheduling.CoroutineScheduler$Worker.run()V+1
v  ~StubRoutines::call_stub 0x0000023b0fd3100d

siginfo: EXCEPTION_PRIV_INSTRUCTION (0xc0000096)


Registers:
RAX=0x0000000000000006, RBX=0x0000023b53245068, RCX=0x0000000000000aac, RDX=0x0000000000000002
RSP=0x0000005445e3ed80, RBP=0x0000000000000aa8, RSI=0x0000023b52edbec0, RDI=0x0000000000000aa8
R8 =0x0000000000000001, R9 =0x0000000000000001, R10=0x0000000000000aac, R11=0x0000023b778e8328
R12=0x0000000000000adc, R13=0x0000023b265709b0, R14=0x0000023b52edbe90, R15=0x0000005445e3efb0
RIP=0x000000018000c278, EFLAGS=0x0000000000010206


Register to memory mapping:

RAX=0x0000000000000006 is an unknown value
RBX=0x0000023b53245068 points into unknown readable memory: 0x0000000000000000 | 00 00 00 00 00 00 00 00
RCX=0x0000000000000aac is an unknown value
RDX=0x0000000000000002 is an unknown value
RSP=0x0000005445e3ed80 is pointing into the stack for thread: 0x0000023b522eb7b0
RBP=0x0000000000000aa8 is an unknown value
RSI=0x0000023b52edbec0 points into unknown readable memory: 0x0000023b52edbec0 | c0 be ed 52 3b 02 00 00
RDI=0x0000000000000aa8 is an unknown value
R8 =0x0000000000000001 is an unknown value
R9 =0x0000000000000001 is an unknown value
R10=0x0000000000000aac is an unknown value
R11=0x0000023b778e8328 points into unknown readable memory: 0x00000000000007d0 | d0 07 00 00 00 00 00 00
R12=0x0000000000000adc is an unknown value
R13={method} {0x0000023b265709b8} 'ctl' '(JIJI)I' in 'sun/nio/ch/WEPoll'
R14=0x0000023b52edbe90 points into unknown readable memory: 0x0000000000000aa8 | a8 0a 00 00 00 00 00 00
R15=0x0000005445e3efb0 is pointing into the stack for thread: 0x0000023b522eb7b0

Top of Stack: (sp=0x0000005445e3ed80)
0x0000005445e3ed80:   0000000000000000 0000000000000000
0x0000005445e3ed90:   0000000000000aa8 000000018001f4c2
0x0000005445e3eda0:   0000000180065ec8 0000000000002736
0x0000005445e3edb0:   0000000000000000 0000000000000aac
0x0000005445e3edc0:   0000000000000aa8 000000018000c506
0x0000005445e3edd0:   0000023b53245068 0000000000002736
0x0000005445e3ede0:   0000000000000000 0000000000000008
0x0000005445e3edf0:   000000540000001e 0000000000000000
0x0000005445e3ee00:   0000000000000aa8 0000000000000000
0x0000005445e3ee10:   0000000000000001 0000000000000000
0x0000005445e3ee20:   0000000000000aa8 00007ffacd4977c2
0x0000005445e3ee30:   0000000000000aac 0000000000000a02
0x0000005445e3ee40:   0000023b52edbec0 00007ffa1e593250
0x0000005445e3ee50:   0000000000000000 0000000000000000
0x0000005445e3ee60:   0000005400000003 0000023b00000001
0x0000005445e3ee70:   0000023b00000000 0000000000000000
0x0000005445e3ee80:   00007ffb00000000 00007ffb05930139
0x0000005445e3ee90:   0000000000000aac 0000000000000000
0x0000005445e3eea0:   0000000000000000 0000b438fd672a91
0x0000005445e3eeb0:   0000023b53245050 00007ffacd498293
0x0000005445e3eec0:   0000000000000028 000000087d3b9a00
0x0000005445e3eed0:   0000023b53245058 0000023b247a5788
0x0000005445e3eee0:   0000000000000adc 00007ffacd49833e
0x0000005445e3eef0:   0000023b52edbec0 0000023b52edbe90
0x0000005445e3ef00:   0000000000000adc 0000023b52edbec0
0x0000005445e3ef10:   0000023b522eb7b0 0000005445e3efb0
0x0000005445e3ef20:   0000000000000000 00007ffacd49876f
0x0000005445e3ef30:   0000000000000000 0000005445e3efb0
0x0000005445e3ef40:   0000000000000adc 0000023b52edbe90
0x0000005445e3ef50:   0000000000000001 00007ffacd497a59
0x0000005445e3ef60:   0000000000000aa8 0000005445e3efb0
0x0000005445e3ef70:   0000000000000adc 0000023b52edbed0 

Instructions: (pc=0x000000018000c278)
0x000000018000c178:   24 78 32 c0 48 83 c4 50 41 5c c3 cc cc cc cc cc
0x000000018000c188:   cc cc cc cc cc cc cc cc 48 85 c9 74 23 8b 05 ad
0x000000018000c198:   ff 06 00 89 01 8b 05 a9 ff 06 00 89 41 04 8b 05
0x000000018000c1a8:   a4 ff 06 00 89 41 08 8b 05 9f ff 06 00 89 41 0c
0x000000018000c1b8:   f3 c3 cc cc cc cc cc cc c6 01 01 c7 02 01 00 00
0x000000018000c1c8:   00 c3 cc cc cc cc cc cc 48 89 5c 24 08 57 48 83
0x000000018000c1d8:   ec 70 48 8b fa 8b d9 48 8d 15 82 73 05 00 48 8d
0x000000018000c1e8:   4c 24 20 45 33 c0 48 c7 44 24 40 0f 00 00 00 48
0x000000018000c1f8:   c7 44 24 38 00 00 00 00 c6 44 24 28 00 e8 d6 6b
0x000000018000c208:   ff ff 4c 8d 4c 24 20 48 8d 4c 24 48 41 b0 01 8b
0x000000018000c218:   d3 e8 52 06 02 00 48 83 78 20 10 72 06 48 8b 48
0x000000018000c228:   08 eb 05 48 8d 48 08 90 0f b6 01 48 ff c7 48 ff
0x000000018000c238:   c1 88 47 ff 84 c0 75 f0 48 83 7c 24 68 10 72 0a
0x000000018000c248:   48 8b 4c 24 50 e8 52 94 03 00 48 8b 9c 24 80 00
0x000000018000c258:   00 00 48 83 c4 70 5f c3 48 83 ec 48 0f b6 c2 0f
0x000000018000c268:   57 c0 0f 11 44 24 ff 25 00 00 00 00 2e 80 f0 06
0x000000018000c278:   fb 7f 00 00 8b 44 24 04 0f af 04 24 89 04 24 8b
0x000000018000c288:   44 24 04 0f af 04 24 83 c0 01 89 04 24 8b 44 24
0x000000018000c298:   04 0f af 04 24 83 c0 02 89 04 24 8b 44 24 04 0f
0x000000018000c2a8:   af 04 24 83 c0 03 89 04 24 8b 44 24 04 0f af 04
0x000000018000c2b8:   24 83 c0 04 89 04 24 8b 44 24 04 0f af 04 24 83
0x000000018000c2c8:   c0 05 89 04 24 8b 44 24 04 0f af 04 24 83 c0 06
0x000000018000c2d8:   89 04 24 8b 44 24 04 0f af 04 24 83 c0 07 89 04
0x000000018000c2e8:   24 8b 44 24 04 0f af 04 24 83 c0 08 89 04 24 8b
0x000000018000c2f8:   44 24 04 0f af 04 24 83 c0 09 89 04 24 8b 44 24
0x000000018000c308:   04 0f af 04 24 83 c0 0a 89 04 24 8b 44 24 04 0f
0x000000018000c318:   af 04 24 83 c0 0b 89 04 24 8b 44 24 04 0f af 04
0x000000018000c328:   24 83 c0 0d 89 04 24 8b 44 24 04 0f af 04 24 83
0x000000018000c338:   c0 0e 89 04 24 8b 44 24 04 0f af 04 24 83 c0 0f
0x000000018000c348:   89 04 24 8b 44 24 04 0f af 04 24 83 c0 10 89 04
0x000000018000c358:   24 8b 44 24 04 0f af 04 24 83 c0 11 89 04 24 8b
0x000000018000c368:   44 24 04 0f af 04 24 83 c0 12 89 04 24 8b 44 24 


Stack slot to memory mapping:

stack at sp + 0 slots: 0x0 is null
stack at sp + 1 slots: 0x0 is null
stack at sp + 2 slots: 0x0000000000000aa8 is an unknown value
stack at sp + 3 slots: 0x000000018001f4c2 ASProxy64.dll
stack at sp + 4 slots: 0x0000000180065ec8 ASProxy64.dll
stack at sp + 5 slots: 0x0000000000002736 is an unknown value
stack at sp + 6 slots: 0x0 is null
stack at sp + 7 slots: 0x0000000000000aac is an unknown value


---------------  P R O C E S S  ---------------

Threads class SMR info:
_java_thread_list=0x0000023b53a51900, length=36, elements={
0x0000023b75357c50, 0x0000023b244ee8b0, 0x0000023b244eef20, 0x0000023b24573d80,
0x0000023b24542800, 0x0000023b24542e70, 0x0000023b245434e0, 0x0000023b2456ad20,
0x0000023b2456b3d0, 0x0000023b24709370, 0x0000023b292f4a80, 0x0000023b5225a660,
0x0000023b5225e800, 0x0000023b5228aee0, 0x0000023b522e7400, 0x0000023b522edf10,
0x0000023b522eb7b0, 0x0000023b522ec4d0, 0x0000023b522ebe40, 0x0000023b522ecb60,
0x0000023b522ed1f0, 0x0000023b522ed880, 0x0000023b522ee5a0, 0x0000023b522eec30,
0x0000023b525b79b0, 0x0000023b525b7320, 0x0000023b525b8040, 0x0000023b525b9a80,
0x0000023b525b6600, 0x0000023b525ba110, 0x0000023b525bcf00, 0x0000023b525bb4c0,
0x0000023b525bd590, 0x0000023b525ba7a0, 0x0000023b52fd9540, 0x0000023b52fdb610
}

Java Threads: ( => current thread )
  0x0000023b75357c50 JavaThread "main"                              [_thread_blocked, id=32848, stack(0x0000005442c00000,0x0000005442e00000) (2048K)]
  0x0000023b244ee8b0 JavaThread "Reference Handler"          daemon [_thread_blocked, id=85740, stack(0x0000005443500000,0x0000005443600000) (1024K)]
  0x0000023b244eef20 JavaThread "Finalizer"                  daemon [_thread_blocked, id=76580, stack(0x0000005443600000,0x0000005443700000) (1024K)]
  0x0000023b24573d80 JavaThread "Signal Dispatcher"          daemon [_thread_blocked, id=92336, stack(0x0000005443700000,0x0000005443800000) (1024K)]
  0x0000023b24542800 JavaThread "Attach Listener"            daemon [_thread_blocked, id=89220, stack(0x0000005443800000,0x0000005443900000) (1024K)]
  0x0000023b24542e70 JavaThread "Service Thread"             daemon [_thread_blocked, id=92704, stack(0x0000005443900000,0x0000005443a00000) (1024K)]
  0x0000023b245434e0 JavaThread "Monitor Deflation Thread"   daemon [_thread_blocked, id=93196, stack(0x0000005443a00000,0x0000005443b00000) (1024K)]
  0x0000023b2456ad20 JavaThread "C2 CompilerThread0"         daemon [_thread_in_native, id=82028, stack(0x0000005443b00000,0x0000005443c00000) (1024K)]
  0x0000023b2456b3d0 JavaThread "C1 CompilerThread0"         daemon [_thread_in_vm, id=80968, stack(0x0000005443c00000,0x0000005443d00000) (1024K)]
  0x0000023b24709370 JavaThread "Common-Cleaner"             daemon [_thread_blocked, id=78984, stack(0x0000005443d00000,0x0000005443e00000) (1024K)]
  0x0000023b292f4a80 JavaThread "Notification Thread"        daemon [_thread_blocked, id=70476, stack(0x0000005445740000,0x0000005445840000) (1024K)]
  0x0000023b5225a660 JavaThread "DefaultDispatcher-worker-1" daemon [_thread_blocked, id=76636, stack(0x0000005445840000,0x0000005445940000) (1024K)]
  0x0000023b5225e800 JavaThread "DefaultDispatcher-worker-2" daemon [_thread_blocked, id=94300, stack(0x0000005445940000,0x0000005445a40000) (1024K)]
  0x0000023b5228aee0 JavaThread "DefaultDispatcher-worker-3" daemon [_thread_blocked, id=81256, stack(0x0000005445a40000,0x0000005445b40000) (1024K)]
  0x0000023b522e7400 JavaThread "DefaultDispatcher-worker-4" daemon [_thread_in_vm, id=55680, stack(0x0000005445b40000,0x0000005445c40000) (1024K)]
  0x0000023b522edf10 JavaThread "DefaultDispatcher-worker-5" daemon [_thread_blocked, id=93228, stack(0x0000005445c40000,0x0000005445d40000) (1024K)]
=>0x0000023b522eb7b0 JavaThread "DefaultDispatcher-worker-6" daemon [_thread_in_native, id=82148, stack(0x0000005445d40000,0x0000005445e40000) (1024K)]
  0x0000023b522ec4d0 JavaThread "DefaultDispatcher-worker-7" daemon [_thread_blocked, id=93860, stack(0x0000005445e40000,0x0000005445f40000) (1024K)]
  0x0000023b522ebe40 JavaThread "DefaultDispatcher-worker-8" daemon [_thread_blocked, id=89844, stack(0x0000005445f40000,0x0000005446040000) (1024K)]
  0x0000023b522ecb60 JavaThread "DefaultDispatcher-worker-9" daemon [_thread_blocked, id=93476, stack(0x0000005446040000,0x0000005446140000) (1024K)]
  0x0000023b522ed1f0 JavaThread "DefaultDispatcher-worker-10" daemon [_thread_blocked, id=94192, stack(0x0000005446140000,0x0000005446240000) (1024K)]
  0x0000023b522ed880 JavaThread "DefaultDispatcher-worker-11" daemon [_thread_blocked, id=67916, stack(0x0000005446240000,0x0000005446340000) (1024K)]
  0x0000023b522ee5a0 JavaThread "DefaultDispatcher-worker-12" daemon [_thread_blocked, id=47440, stack(0x0000005446340000,0x0000005446440000) (1024K)]
  0x0000023b522eec30 JavaThread "DefaultDispatcher-worker-13" daemon [_thread_blocked, id=38716, stack(0x0000005446440000,0x0000005446540000) (1024K)]
  0x0000023b525b79b0 JavaThread "DefaultDispatcher-worker-14" daemon [_thread_blocked, id=93408, stack(0x0000005446540000,0x0000005446640000) (1024K)]
  0x0000023b525b7320 JavaThread "DefaultDispatcher-worker-15" daemon [_thread_blocked, id=43360, stack(0x0000005446640000,0x0000005446740000) (1024K)]
  0x0000023b525b8040 JavaThread "DefaultDispatcher-worker-16" daemon [_thread_blocked, id=78080, stack(0x0000005446740000,0x0000005446840000) (1024K)]
  0x0000023b525b9a80 JavaThread "DefaultDispatcher-worker-17" daemon [_thread_blocked, id=77084, stack(0x0000005446840000,0x0000005446940000) (1024K)]
  0x0000023b525b6600 JavaThread "DefaultDispatcher-worker-18" daemon [_thread_blocked, id=83124, stack(0x0000005446940000,0x0000005446a40000) (1024K)]
  0x0000023b525ba110 JavaThread "Java2D Disposer"            daemon [_thread_blocked, id=94124, stack(0x0000005447240000,0x0000005447340000) (1024K)]
  0x0000023b525bcf00 JavaThread "AWT-Shutdown"                      [_thread_blocked, id=92376, stack(0x0000005447340000,0x0000005447440000) (1024K)]
  0x0000023b525bb4c0 JavaThread "AWT-Windows"                daemon [_thread_in_native, id=89664, stack(0x0000005447440000,0x0000005447540000) (1024K)]
  0x0000023b525bd590 JavaThread "DefaultDispatcher-worker-19" daemon [_thread_blocked, id=95308, stack(0x0000005447540000,0x0000005447640000) (1024K)]
  0x0000023b525ba7a0 JavaThread "DefaultDispatcher-worker-20" daemon [_thread_blocked, id=66280, stack(0x0000005447640000,0x0000005447740000) (1024K)]
  0x0000023b52fd9540 JavaThread "AWT-EventQueue-0"                  [_thread_blocked, id=93924, stack(0x0000005447740000,0x0000005447840000) (1024K)]
  0x0000023b52fdb610 JavaThread "kotlinx.coroutines.DefaultExecutor" daemon [_thread_blocked, id=87432, stack(0x0000005447840000,0x0000005447940000) (1024K)]
Total: 36

Other Threads:
  0x0000023b7d54eba0 VMThread "VM Thread"                           [id=75796, stack(0x0000005443400000,0x0000005443500000) (1024K)]
  0x0000023b7d5269b0 WatcherThread "VM Periodic Task Thread"        [id=69928, stack(0x0000005443300000,0x0000005443400000) (1024K)]
  0x0000023b7d371120 WorkerThread "GC Thread#0"                     [id=76200, stack(0x0000005442e00000,0x0000005442f00000) (1024K)]
  0x0000023b29337da0 WorkerThread "GC Thread#1"                     [id=87192, stack(0x0000005445340000,0x0000005445440000) (1024K)]
  0x0000023b29338140 WorkerThread "GC Thread#2"                     [id=94116, stack(0x0000005445440000,0x0000005445540000) (1024K)]
  0x0000023b29215960 WorkerThread "GC Thread#3"                     [id=96060, stack(0x0000005444e00000,0x0000005444f00000) (1024K)]
  0x0000023b292aa600 WorkerThread "GC Thread#4"                     [id=95960, stack(0x0000005445540000,0x0000005445640000) (1024K)]
  0x0000023b292da640 WorkerThread "GC Thread#5"                     [id=77976, stack(0x0000005445640000,0x0000005445740000) (1024K)]
  0x0000023b52887fe0 WorkerThread "GC Thread#6"                     [id=95836, stack(0x0000005446a40000,0x0000005446b40000) (1024K)]
  0x0000023b52887160 WorkerThread "GC Thread#7"                     [id=93320, stack(0x0000005446b40000,0x0000005446c40000) (1024K)]
  0x0000023b52889940 WorkerThread "GC Thread#8"                     [id=91976, stack(0x0000005446c40000,0x0000005446d40000) (1024K)]
  0x0000023b5288ab60 WorkerThread "GC Thread#9"                     [id=93828, stack(0x0000005446d40000,0x0000005446e40000) (1024K)]
  0x0000023b5288a7c0 WorkerThread "GC Thread#10"                    [id=78424, stack(0x0000005446e40000,0x0000005446f40000) (1024K)]
  0x0000023b52887c40 WorkerThread "GC Thread#11"                    [id=93680, stack(0x0000005446f40000,0x0000005447040000) (1024K)]
  0x0000023b53570eb0 WorkerThread "GC Thread#12"                    [id=51272, stack(0x0000005447940000,0x0000005447a40000) (1024K)]
  0x0000023b77945320 ConcurrentGCThread "G1 Main Marker"            [id=71656, stack(0x0000005442f00000,0x0000005443000000) (1024K)]
  0x0000023b77947350 WorkerThread "G1 Conc#0"                       [id=88616, stack(0x0000005443000000,0x0000005443100000) (1024K)]
  0x0000023b52888ac0 WorkerThread "G1 Conc#1"                       [id=94212, stack(0x0000005447040000,0x0000005447140000) (1024K)]
  0x0000023b52888720 WorkerThread "G1 Conc#2"                       [id=82604, stack(0x0000005447140000,0x0000005447240000) (1024K)]
  0x0000023b7d3ecf50 ConcurrentGCThread "G1 Refine#0"               [id=83292, stack(0x0000005443100000,0x0000005443200000) (1024K)]
  0x0000023b7d3ed380 ConcurrentGCThread "G1 Service"                [id=88816, stack(0x0000005443200000,0x0000005443300000) (1024K)]
Total: 21

Threads with active compile tasks:
C2 CompilerThread0      810 2449       4       java.util.regex.Matcher::reset (128 bytes)
C1 CompilerThread0      811 2458       3       java.util.regex.Pattern::next (33 bytes)
Total: 2

VM state: not at safepoint (normal execution)

VM Mutex/Monitor currently owned by a thread: None

Heap address: 0x0000000700000000, size: 4096 MB, Compressed Oops mode: Zero based, Oop shift amount: 3

CDS archive(s) not mapped
Compressed class space mapped at: 0x0000000800000000-0x0000000840000000, reserved size: 1073741824
Narrow klass base: 0x0000000800000000, Narrow klass shift: 0, Narrow klass range: 0x40000000

GC Precious Log:
 CardTable entry size: 512
 Card Set container configuration: InlinePtr #cards 4 size 8 Array Of Cards #cards 16 size 48 Howl #buckets 8 coarsen threshold 3686 Howl Bitmap #cards 512 size 80 coarsen threshold 460 Card regions per heap region 1 cards per card region 4096
 CPUs: 16 total, 16 available
 Memory: 32693M
 Large Page Support: Disabled
 NUMA Support: Disabled
 Compressed Oops: Enabled (Zero based)
 Heap Region Size: 2M
 Heap Min Capacity: 128M
 Heap Initial Capacity: 128M
 Heap Max Capacity: 4G
 Pre-touch: Disabled
 Parallel Workers: 13
 Concurrent Workers: 3
 Concurrent Refinement Workers: 13
 Periodic GC: Disabled

Heap:
 garbage-first heap   total 131072K, used 38760K [0x0000000700000000, 0x0000000800000000)
  region size 2048K, 7 young (14336K), 4 survivors (8192K)
 Metaspace       used 33474K, committed 33920K, reserved 1114112K
  class space    used 3116K, committed 3328K, reserved 1048576K

Heap Regions: E=young(eden), S=young(survivor), O=old, HS=humongous(starts), HC=humongous(continues), CS=collection set, F=free, TAMS=top-at-mark-start, PB=parsable bottom
|   0|0x0000000700000000, 0x0000000700200000, 0x0000000700200000|100%|HS|  |TAMS 0x0000000700000000| PB 0x0000000700000000| Complete 
|   1|0x0000000700200000, 0x0000000700400000, 0x0000000700400000|100%|HS|  |TAMS 0x0000000700200000| PB 0x0000000700200000| Complete 
|   2|0x0000000700400000, 0x0000000700600000, 0x0000000700600000|100%| O|Cm|TAMS 0x0000000700400000| PB 0x0000000700400000| Complete 
|   3|0x0000000700600000, 0x0000000700800000, 0x0000000700800000|100%| O|  |TAMS 0x0000000700600000| PB 0x0000000700600000| Untracked 
|   4|0x0000000700800000, 0x0000000700800000, 0x0000000700a00000|  0%| F|  |TAMS 0x0000000700800000| PB 0x0000000700800000| Untracked 
|   5|0x0000000700a00000, 0x0000000700a00000, 0x0000000700c00000|  0%| F|  |TAMS 0x0000000700a00000| PB 0x0000000700a00000| Untracked 
|   6|0x0000000700c00000, 0x0000000700e00000, 0x0000000700e00000|100%| O|  |TAMS 0x0000000700c00000| PB 0x0000000700c00000| Untracked 
|   7|0x0000000700e00000, 0x0000000701000000, 0x0000000701000000|100%| O|  |TAMS 0x0000000700e00000| PB 0x0000000700e00000| Untracked 
|   8|0x0000000701000000, 0x0000000701200000, 0x0000000701200000|100%| O|  |TAMS 0x0000000701000000| PB 0x0000000701000000| Untracked 
|   9|0x0000000701200000, 0x0000000701400000, 0x0000000701400000|100%| O|  |TAMS 0x0000000701200000| PB 0x0000000701200000| Untracked 
|  10|0x0000000701400000, 0x0000000701600000, 0x0000000701600000|100%| O|  |TAMS 0x0000000701400000| PB 0x0000000701400000| Untracked 
|  11|0x0000000701600000, 0x0000000701800000, 0x0000000701800000|100%| O|  |TAMS 0x0000000701600000| PB 0x0000000701600000| Untracked 
|  12|0x0000000701800000, 0x0000000701a00000, 0x0000000701a00000|100%| O|  |TAMS 0x0000000701800000| PB 0x0000000701800000| Untracked 
|  13|0x0000000701a00000, 0x0000000701c00000, 0x0000000701c00000|100%| O|  |TAMS 0x0000000701a00000| PB 0x0000000701a00000| Untracked 
|  14|0x0000000701c00000, 0x0000000701dda150, 0x0000000701e00000| 92%| O|  |TAMS 0x0000000701c00000| PB 0x0000000701c00000| Untracked 
|  15|0x0000000701e00000, 0x0000000701e00000, 0x0000000702000000|  0%| F|  |TAMS 0x0000000701e00000| PB 0x0000000701e00000| Untracked 
|  16|0x0000000702000000, 0x0000000702000000, 0x0000000702200000|  0%| F|  |TAMS 0x0000000702000000| PB 0x0000000702000000| Untracked 
|  17|0x0000000702200000, 0x0000000702200000, 0x0000000702400000|  0%| F|  |TAMS 0x0000000702200000| PB 0x0000000702200000| Untracked 
|  18|0x0000000702400000, 0x0000000702400000, 0x0000000702600000|  0%| F|  |TAMS 0x0000000702400000| PB 0x0000000702400000| Untracked 
|  19|0x0000000702600000, 0x0000000702600000, 0x0000000702800000|  0%| F|  |TAMS 0x0000000702600000| PB 0x0000000702600000| Untracked 
|  20|0x0000000702800000, 0x0000000702800000, 0x0000000702a00000|  0%| F|  |TAMS 0x0000000702800000| PB 0x0000000702800000| Untracked 
|  21|0x0000000702a00000, 0x0000000702a00000, 0x0000000702c00000|  0%| F|  |TAMS 0x0000000702a00000| PB 0x0000000702a00000| Untracked 
|  22|0x0000000702c00000, 0x0000000702c00000, 0x0000000702e00000|  0%| F|  |TAMS 0x0000000702c00000| PB 0x0000000702c00000| Untracked 
|  23|0x0000000702e00000, 0x0000000702e00000, 0x0000000703000000|  0%| F|  |TAMS 0x0000000702e00000| PB 0x0000000702e00000| Untracked 
|  24|0x0000000703000000, 0x0000000703000000, 0x0000000703200000|  0%| F|  |TAMS 0x0000000703000000| PB 0x0000000703000000| Untracked 
|  25|0x0000000703200000, 0x0000000703200000, 0x0000000703400000|  0%| F|  |TAMS 0x0000000703200000| PB 0x0000000703200000| Untracked 
|  26|0x0000000703400000, 0x0000000703400000, 0x0000000703600000|  0%| F|  |TAMS 0x0000000703400000| PB 0x0000000703400000| Untracked 
|  27|0x0000000703600000, 0x0000000703600000, 0x0000000703800000|  0%| F|  |TAMS 0x0000000703600000| PB 0x0000000703600000| Untracked 
|  28|0x0000000703800000, 0x0000000703800000, 0x0000000703a00000|  0%| F|  |TAMS 0x0000000703800000| PB 0x0000000703800000| Untracked 
|  29|0x0000000703a00000, 0x0000000703a00000, 0x0000000703c00000|  0%| F|  |TAMS 0x0000000703a00000| PB 0x0000000703a00000| Untracked 
|  30|0x0000000703c00000, 0x0000000703e00000, 0x0000000703e00000|100%| S|CS|TAMS 0x0000000703c00000| PB 0x0000000703c00000| Complete 
|  31|0x0000000703e00000, 0x0000000704000000, 0x0000000704000000|100%| S|CS|TAMS 0x0000000703e00000| PB 0x0000000703e00000| Complete 
|  32|0x0000000704000000, 0x0000000704200000, 0x0000000704200000|100%| S|CS|TAMS 0x0000000704000000| PB 0x0000000704000000| Complete 
|  33|0x0000000704200000, 0x0000000704400000, 0x0000000704400000|100%| S|CS|TAMS 0x0000000704200000| PB 0x0000000704200000| Complete 
|  34|0x0000000704400000, 0x0000000704400000, 0x0000000704600000|  0%| F|  |TAMS 0x0000000704400000| PB 0x0000000704400000| Untracked 
|  35|0x0000000704600000, 0x0000000704600000, 0x0000000704800000|  0%| F|  |TAMS 0x0000000704600000| PB 0x0000000704600000| Untracked 
|  36|0x0000000704800000, 0x0000000704800000, 0x0000000704a00000|  0%| F|  |TAMS 0x0000000704800000| PB 0x0000000704800000| Untracked 
|  37|0x0000000704a00000, 0x0000000704a00000, 0x0000000704c00000|  0%| F|  |TAMS 0x0000000704a00000| PB 0x0000000704a00000| Untracked 
|  38|0x0000000704c00000, 0x0000000704c00000, 0x0000000704e00000|  0%| F|  |TAMS 0x0000000704c00000| PB 0x0000000704c00000| Untracked 
|  39|0x0000000704e00000, 0x0000000704e00000, 0x0000000705000000|  0%| F|  |TAMS 0x0000000704e00000| PB 0x0000000704e00000| Untracked 
|  40|0x0000000705000000, 0x0000000705000000, 0x0000000705200000|  0%| F|  |TAMS 0x0000000705000000| PB 0x0000000705000000| Untracked 
|  41|0x0000000705200000, 0x0000000705200000, 0x0000000705400000|  0%| F|  |TAMS 0x0000000705200000| PB 0x0000000705200000| Untracked 
|  42|0x0000000705400000, 0x0000000705400000, 0x0000000705600000|  0%| F|  |TAMS 0x0000000705400000| PB 0x0000000705400000| Untracked 
|  43|0x0000000705600000, 0x0000000705600000, 0x0000000705800000|  0%| F|  |TAMS 0x0000000705600000| PB 0x0000000705600000| Untracked 
|  44|0x0000000705800000, 0x0000000705800000, 0x0000000705a00000|  0%| F|  |TAMS 0x0000000705800000| PB 0x0000000705800000| Untracked 
|  45|0x0000000705a00000, 0x0000000705a00000, 0x0000000705c00000|  0%| F|  |TAMS 0x0000000705a00000| PB 0x0000000705a00000| Untracked 
|  46|0x0000000705c00000, 0x0000000705c00000, 0x0000000705e00000|  0%| F|  |TAMS 0x0000000705c00000| PB 0x0000000705c00000| Untracked 
|  47|0x0000000705e00000, 0x0000000705e00000, 0x0000000706000000|  0%| F|  |TAMS 0x0000000705e00000| PB 0x0000000705e00000| Untracked 
|  48|0x0000000706000000, 0x0000000706000000, 0x0000000706200000|  0%| F|  |TAMS 0x0000000706000000| PB 0x0000000706000000| Untracked 
|  49|0x0000000706200000, 0x0000000706200000, 0x0000000706400000|  0%| F|  |TAMS 0x0000000706200000| PB 0x0000000706200000| Untracked 
|  50|0x0000000706400000, 0x0000000706400000, 0x0000000706600000|  0%| F|  |TAMS 0x0000000706400000| PB 0x0000000706400000| Untracked 
|  51|0x0000000706600000, 0x0000000706600000, 0x0000000706800000|  0%| F|  |TAMS 0x0000000706600000| PB 0x0000000706600000| Untracked 
|  52|0x0000000706800000, 0x0000000706800000, 0x0000000706a00000|  0%| F|  |TAMS 0x0000000706800000| PB 0x0000000706800000| Untracked 
|  53|0x0000000706a00000, 0x0000000706a00000, 0x0000000706c00000|  0%| F|  |TAMS 0x0000000706a00000| PB 0x0000000706a00000| Untracked 
|  54|0x0000000706c00000, 0x0000000706c00000, 0x0000000706e00000|  0%| F|  |TAMS 0x0000000706c00000| PB 0x0000000706c00000| Untracked 
|  55|0x0000000706e00000, 0x0000000706e00000, 0x0000000707000000|  0%| F|  |TAMS 0x0000000706e00000| PB 0x0000000706e00000| Untracked 
|  56|0x0000000707000000, 0x0000000707000000, 0x0000000707200000|  0%| F|  |TAMS 0x0000000707000000| PB 0x0000000707000000| Untracked 
|  57|0x0000000707200000, 0x0000000707200000, 0x0000000707400000|  0%| F|  |TAMS 0x0000000707200000| PB 0x0000000707200000| Untracked 
|  58|0x0000000707400000, 0x0000000707400000, 0x0000000707600000|  0%| F|  |TAMS 0x0000000707400000| PB 0x0000000707400000| Untracked 
|  59|0x0000000707600000, 0x0000000707600000, 0x0000000707800000|  0%| F|  |TAMS 0x0000000707600000| PB 0x0000000707600000| Untracked 
|  60|0x0000000707800000, 0x0000000707800000, 0x0000000707a00000|  0%| F|  |TAMS 0x0000000707800000| PB 0x0000000707800000| Untracked 
|  61|0x0000000707a00000, 0x0000000707b7e6e8, 0x0000000707c00000| 74%| E|  |TAMS 0x0000000707a00000| PB 0x0000000707a00000| Complete 
|  62|0x0000000707c00000, 0x0000000707e00000, 0x0000000707e00000|100%| E|CS|TAMS 0x0000000707c00000| PB 0x0000000707c00000| Complete 
|  63|0x0000000707e00000, 0x0000000708000000, 0x0000000708000000|100%| E|CS|TAMS 0x0000000707e00000| PB 0x0000000707e00000| Complete 

Card table byte_map: [0x0000023b7cb50000,0x0000023b7d350000] _byte_map_base: 0x0000023b79350000

Marking Bits: (CMBitMap*) 0x0000023b7d371820
 Bits: [0x0000023b20000000, 0x0000023b24000000)

Polling page: 0x0000023b75550000

Metaspace:

Usage:
  Non-class:     29.68 MB used.
      Class:      3.04 MB used.
       Both:     32.72 MB used.

Virtual space:
  Non-class space:       64.00 MB reserved,      29.88 MB ( 47%) committed,  1 nodes.
      Class space:        1.00 GB reserved,       3.25 MB ( <1%) committed,  1 nodes.
             Both:        1.06 GB reserved,      33.12 MB (  3%) committed. 

Chunk freelists:
   Non-Class:  1.94 MB
       Class:  12.77 MB
        Both:  14.71 MB

MaxMetaspaceSize: unlimited
CompressedClassSpaceSize: 1.00 GB
Initial GC threshold: 21.00 MB
Current GC threshold: 35.31 MB
CDS: off
 - commit_granule_bytes: 65536.
 - commit_granule_words: 8192.
 - virtual_space_node_default_size: 8388608.
 - enlarge_chunks_in_place: 1.
 - use_allocation_guard: 0.


Internal statistics:

num_allocs_failed_limit: 3.
num_arena_births: 478.
num_arena_deaths: 0.
num_vsnodes_births: 2.
num_vsnodes_deaths: 0.
num_space_committed: 528.
num_space_uncommitted: 0.
num_chunks_returned_to_freelist: 3.
num_chunks_taken_from_freelist: 1145.
num_chunk_merges: 0.
num_chunk_splits: 725.
num_chunks_enlarged: 501.
num_inconsistent_stats: 0.

CodeHeap 'non-profiled nmethods': size=259328Kb used=689Kb max_used=689Kb free=258638Kb
 bounds [0x0000023b102c0000, 0x0000023b10530000, 0x0000023b20000000]
CodeHeap 'profiled nmethods': size=259264Kb used=4214Kb max_used=4214Kb free=255049Kb
 bounds [0x0000023b00000000, 0x0000023b00420000, 0x0000023b0fd30000]
CodeHeap 'non-nmethods': size=5696Kb used=1652Kb max_used=1668Kb free=4043Kb
 bounds [0x0000023b0fd30000, 0x0000023b0ffa0000, 0x0000023b102c0000]
 total_blobs=3127 nmethods=2428 adapters=603
 compilation: enabled
              stopped_count=0, restarted_count=0
 full_count=0

Compilation events (20 events):
Event: 0.660 Thread 0x0000023b2456b3d0 nmethod 1659 0x0000023b002e1090 code [0x0000023b002e1240, 0x0000023b002e13c0]
Event: 0.660 Thread 0x0000023b2456b3d0 1658       2       java.lang.Character::charCount (12 bytes)
Event: 0.660 Thread 0x0000023b2456b3d0 nmethod 1658 0x0000023b002e1490 code [0x0000023b002e1620, 0x0000023b002e1718]
Event: 0.660 Thread 0x0000023b2456b3d0 1661       2       java.nio.Buffer::nextGetIndex (30 bytes)
Event: 0.660 Thread 0x0000023b2456b3d0 nmethod 1661 0x0000023b002e1790 code [0x0000023b002e1940, 0x0000023b002e1ac0]
Event: 0.660 Thread 0x0000023b2456b3d0 1660       2       kotlin.coroutines.jvm.internal.ContinuationImpl::getContext (9 bytes)
Event: 0.660 Thread 0x0000023b2456b3d0 nmethod 1660 0x0000023b002e1b90 code [0x0000023b002e1d60, 0x0000023b002e2000]
Event: 0.660 Thread 0x0000023b2456b3d0 1635       2       java.lang.StrictMath::floorOrCeil (128 bytes)
Event: 0.660 Thread 0x0000023b2456b3d0 nmethod 1635 0x0000023b002e2190 code [0x0000023b002e2340, 0x0000023b002e25f0]
Event: 0.660 Thread 0x0000023b2456b3d0 1666       2       java.util.regex.Pattern$BmpCharPropertyGreedy::match (89 bytes)
Event: 0.661 Thread 0x0000023b2456b3d0 nmethod 1666 0x0000023b002e2690 code [0x0000023b002e2860, 0x0000023b002e2bd8]
Event: 0.661 Thread 0x0000023b2456b3d0 1663       2       java.nio.ByteBufferAsShortBufferB::get (30 bytes)
Event: 0.661 Thread 0x0000023b2456b3d0 nmethod 1663 0x0000023b002e2d90 code [0x0000023b002e2fa0, 0x0000023b002e3370]
Event: 0.661 Thread 0x0000023b2456b3d0 1664       2       java.nio.ByteBufferAsShortBufferB::byteOffset (9 bytes)
Event: 0.661 Thread 0x0000023b2456b3d0 nmethod 1664 0x0000023b002e3610 code [0x0000023b002e37a0, 0x0000023b002e38b8]
Event: 0.661 Thread 0x0000023b2456b3d0 1668       1       com.intellij.ide.plugins.IdeaPluginDescriptorImpl::getPluginId (5 bytes)
Event: 0.661 Thread 0x0000023b2456b3d0 nmethod 1668 0x0000023b10338c90 code [0x0000023b10338e20, 0x0000023b10338ef0]
Event: 0.661 Thread 0x0000023b2456b3d0 1665       2       java.lang.String::codePointAt (50 bytes)
Event: 0.661 Thread 0x0000023b2456b3d0 nmethod 1665 0x0000023b002e3990 code [0x0000023b002e3b60, 0x0000023b002e3d98]
Event: 0.661 Thread 0x0000023b2456b3d0 1667       2       java.security.Provider::checkInitialized (16 bytes)

GC Heap History (4 events):
Event: 0.356 GC heap before
{Heap before GC invocations=0 (full 0):
 garbage-first heap   total 131072K, used 24576K [0x0000000700000000, 0x0000000800000000)
  region size 2048K, 11 young (22528K), 0 survivors (0K)
 Metaspace       used 11552K, committed 11712K, reserved 1114112K
  class space    used 1039K, committed 1088K, reserved 1048576K
}
Event: 0.359 GC heap after
{Heap after GC invocations=1 (full 0):
 garbage-first heap   total 131072K, used 11776K [0x0000000700000000, 0x0000000800000000)
  region size 2048K, 2 young (4096K), 2 survivors (4096K)
 Metaspace       used 11552K, committed 11712K, reserved 1114112K
  class space    used 1039K, committed 1088K, reserved 1048576K
}
Event: 0.527 GC heap before
{Heap before GC invocations=1 (full 0):
 garbage-first heap   total 131072K, used 34304K [0x0000000700000000, 0x0000000800000000)
  region size 2048K, 13 young (26624K), 2 survivors (4096K)
 Metaspace       used 21229K, committed 21504K, reserved 1114112K
  class space    used 1878K, committed 2048K, reserved 1048576K
}
Event: 0.533 GC heap after
{Heap after GC invocations=2 (full 0):
 garbage-first heap   total 131072K, used 20544K [0x0000000700000000, 0x0000000800000000)
  region size 2048K, 2 young (4096K), 2 survivors (4096K)
 Metaspace       used 21229K, committed 21504K, reserved 1114112K
  class space    used 1878K, committed 2048K, reserved 1048576K
}

Dll operation events (3 events):
Event: 0.015 Loaded shared library E:\JetBrains\Rider\jbr\bin\java.dll
Event: 0.020 Loaded shared library E:\JetBrains\Rider\jbr\bin\zip.dll
Event: 0.475 Loaded shared library E:\JetBrains\Rider\jbr\bin\verify.dll

Deoptimization events (20 events):
Event: 0.565 Thread 0x0000023b522edf10 DEOPT PACKING pc=0x0000023b00200904 sp=0x0000005445d3d690
Event: 0.565 Thread 0x0000023b522edf10 DEOPT UNPACKING pc=0x0000023b0fd84e42 sp=0x0000005445d3cac8 mode 0
Event: 0.565 Thread 0x0000023b522edf10 DEOPT PACKING pc=0x0000023b00200904 sp=0x0000005445d3d620
Event: 0.565 Thread 0x0000023b522edf10 DEOPT UNPACKING pc=0x0000023b0fd84e42 sp=0x0000005445d3ca58 mode 0
Event: 0.565 Thread 0x0000023b522edf10 DEOPT PACKING pc=0x0000023b00200904 sp=0x0000005445d3d700
Event: 0.565 Thread 0x0000023b522edf10 DEOPT UNPACKING pc=0x0000023b0fd84e42 sp=0x0000005445d3cb38 mode 0
Event: 0.565 Thread 0x0000023b522edf10 DEOPT PACKING pc=0x0000023b00200904 sp=0x0000005445d3d770
Event: 0.565 Thread 0x0000023b522edf10 DEOPT UNPACKING pc=0x0000023b0fd84e42 sp=0x0000005445d3cba8 mode 0
Event: 0.565 Thread 0x0000023b522edf10 DEOPT PACKING pc=0x0000023b00200904 sp=0x0000005445d3d7e0
Event: 0.565 Thread 0x0000023b522edf10 DEOPT UNPACKING pc=0x0000023b0fd84e42 sp=0x0000005445d3cc18 mode 0
Event: 0.565 Thread 0x0000023b522edf10 DEOPT PACKING pc=0x0000023b00200904 sp=0x0000005445d3d7e0
Event: 0.565 Thread 0x0000023b522edf10 DEOPT UNPACKING pc=0x0000023b0fd84e42 sp=0x0000005445d3cc18 mode 0
Event: 0.565 Thread 0x0000023b522edf10 DEOPT PACKING pc=0x0000023b00200904 sp=0x0000005445d3d7e0
Event: 0.565 Thread 0x0000023b522edf10 DEOPT UNPACKING pc=0x0000023b0fd84e42 sp=0x0000005445d3cc18 mode 0
Event: 0.565 Thread 0x0000023b522edf10 DEOPT PACKING pc=0x0000023b00200904 sp=0x0000005445d3d850
Event: 0.565 Thread 0x0000023b522edf10 DEOPT UNPACKING pc=0x0000023b0fd84e42 sp=0x0000005445d3cc88 mode 0
Event: 0.591 Thread 0x0000023b522edf10 DEOPT PACKING pc=0x0000023b00213374 sp=0x0000005445d3d840
Event: 0.591 Thread 0x0000023b522edf10 DEOPT UNPACKING pc=0x0000023b0fd84e42 sp=0x0000005445d3ccf0 mode 0
Event: 0.642 Thread 0x0000023b522e7400 DEOPT PACKING pc=0x0000023b00296731 sp=0x0000005445c3da00
Event: 0.642 Thread 0x0000023b522e7400 DEOPT UNPACKING pc=0x0000023b0fd84e42 sp=0x0000005445c3cec0 mode 0

Classes loaded (20 events):
Event: 0.660 Loading class com/intellij/openapi/project/DumbAware
Event: 0.660 Loading class com/intellij/openapi/project/DumbAware done
Event: 0.660 Loading class sun/swing/SwingAccessor$UIDefaultsAccessor
Event: 0.660 Loading class sun/swing/SwingAccessor$UIDefaultsAccessor done
Event: 0.660 Loading class com/intellij/ide/plugins/PluginLoadingResultKt
Event: 0.660 Loading class com/intellij/ide/plugins/PluginLoadingResultKt done
Event: 0.661 Loading class com/intellij/ide/G/C/z
Event: 0.661 Loading class com/intellij/ide/G/C/z done
Event: 0.661 Loading class com/intellij/ide/G/T/o
Event: 0.661 Loading class com/intellij/ide/G/T/o done
Event: 0.661 Loading class java/util/concurrent/ConcurrentLinkedQueue$Itr
Event: 0.661 Loading class javax/swing/UIDefaults$LazyValue
Event: 0.661 Loading class javax/swing/UIDefaults$LazyValue done
Event: 0.661 Loading class java/util/concurrent/ConcurrentLinkedQueue$Itr done
Event: 0.661 Loading class com/intellij/ide/G/C/T
Event: 0.661 Loading class com/intellij/ide/G/C/T done
Event: 0.661 Loading class com/intellij/ide/G/d/z4
Event: 0.661 Loading class com/intellij/ide/G/d/z4 done
Event: 0.661 Loading class com/intellij/ide/plugins/PluginManagerCore$initializeAndSetPlugins$2
Event: 0.661 Loading class com/intellij/ide/plugins/PluginManagerCore$initializeAndSetPlugins$2 done

Classes unloaded (0 events):
No events

Classes redefined (4 events):
Event: 0.377 Thread 0x0000023b7d54eba0 redefined class name=java.math.BigInteger, count=1
Event: 0.386 Thread 0x0000023b7d54eba0 redefined class name=java.net.InetAddress, count=1
Event: 0.391 Thread 0x0000023b7d54eba0 redefined class name=sun.management.VMManagementImpl, count=1
Event: 0.410 Thread 0x0000023b7d54eba0 redefined class name=java.lang.Class, count=1

Internal exceptions (20 events):
Event: 0.578 Thread 0x0000023b522eb7b0 Exception <a 'java/lang/NoSuchMethodError'{0x00000007078c02e8}: 'java.lang.Object java.lang.invoke.DirectMethodHandle$Holder.invokeStaticInit(java.lang.Object, int, int, int, int)'> (0x00000007078c02e8) 
thrown [s\src\hotspot\share\interpreter\linkResolver.cpp, line 784]
Event: 0.590 Thread 0x0000023b522ecb60 Exception <a 'java/lang/NoSuchMethodError'{0x0000000707288c20}: 'void java.lang.invoke.DirectMethodHandle$Holder.invokeStaticInit(java.lang.Object)'> (0x0000000707288c20) 
thrown [s\src\hotspot\share\interpreter\linkResolver.cpp, line 784]
Event: 0.599 Thread 0x0000023b522eb7b0 Exception <a 'sun/nio/fs/WindowsException'{0x00000007078cd0d8}> (0x00000007078cd0d8) 
thrown [s\src\hotspot\share\prims\jni.cpp, line 535]
Event: 0.600 Thread 0x0000023b522eb7b0 Exception <a 'sun/nio/fs/WindowsException'{0x00000007078cd668}> (0x00000007078cd668) 
thrown [s\src\hotspot\share\prims\jni.cpp, line 535]
Event: 0.602 Thread 0x0000023b522eb7b0 Exception <a 'java/net/BindException'{0x000000070681aff8}: Address already in use: bind> (0x000000070681aff8) 
thrown [s\src\hotspot\share\prims\jni.cpp, line 554]
Event: 0.613 Thread 0x0000023b522edf10 Exception <a 'sun/nio/fs/WindowsException'{0x00000007060573e0}> (0x00000007060573e0) 
thrown [s\src\hotspot\share\prims\jni.cpp, line 535]
Event: 0.613 Thread 0x0000023b522e7400 Exception <a 'java/io/FileNotFoundException'{0x00000007067e8ea0}> (0x00000007067e8ea0) 
thrown [s\src\hotspot\share\prims\jni.cpp, line 535]
Event: 0.623 Thread 0x0000023b75357c50 Exception <a 'java/lang/NoSuchMethodError'{0x0000000705d07dc0}: 'java.lang.Object java.lang.invoke.Invokers$Holder.invoke_MT(java.lang.Object, java.lang.Object, java.lang.Object, java.lang.Object, java.lang.Object)'> (0x0000000705d07dc0) 
thrown [s\src\hotspot\share\interpreter\linkResolver.cpp, line 784]
Event: 0.645 Thread 0x0000023b75357c50 Exception <a 'java/lang/NoSuchMethodError'{0x00000007054ca458}: 'int java.lang.invoke.DirectMethodHandle$Holder.invokeStatic(java.lang.Object)'> (0x00000007054ca458) 
thrown [s\src\hotspot\share\interpreter\linkResolver.cpp, line 784]
Event: 0.645 Thread 0x0000023b75357c50 Exception <a 'java/lang/NoSuchMethodError'{0x00000007054cdbc8}: 'int java.lang.invoke.DelegatingMethodHandle$Holder.reinvoke_L(java.lang.Object)'> (0x00000007054cdbc8) 
thrown [s\src\hotspot\share\interpreter\linkResolver.cpp, line 784]
Event: 0.646 Thread 0x0000023b522eb7b0 Exception <a 'java/lang/NoSuchMethodError'{0x00000007055d5e00}: 'java.lang.Object java.lang.invoke.DirectMethodHandle$Holder.invokeStaticInit(java.lang.Object, java.lang.Object, int, int, int, int)'> (0x00000007055d5e00) 
thrown [s\src\hotspot\share\interpreter\linkResolver.cpp, line 784]
Event: 0.653 Thread 0x0000023b75357c50 Exception <a 'java/lang/NoSuchMethodError'{0x00000007054f9a08}: 'java.lang.Object java.lang.invoke.DirectMethodHandle$Holder.invokeStaticInit(java.lang.Object, java.lang.Object, java.lang.Object, java.lang.Object)'> (0x00000007054f9a08) 
thrown [s\src\hotspot\share\interpreter\linkResolver.cpp, line 784]
Event: 0.654 Thread 0x0000023b75357c50 Exception <a 'java/lang/NoSuchMethodError'{0x00000007054fd5f8}: 'java.lang.Object java.lang.invoke.DirectMethodHandle$Holder.invokeStaticInit(java.lang.Object, java.lang.Object, java.lang.Object, java.lang.Object, java.lang.Object)'> (0x00000007054fd5f8) 
thrown [s\src\hotspot\share\interpreter\linkResolver.cpp, line 784]
Event: 0.655 Thread 0x0000023b75357c50 Exception <a 'java/lang/NoSuchMethodError'{0x00000007055067e8}: 'int java.lang.invoke.DirectMethodHandle$Holder.invokeSpecial(java.lang.Object, java.lang.Object, java.lang.Object, java.lang.Object)'> (0x00000007055067e8) 
thrown [s\src\hotspot\share\interpreter\linkResolver.cpp, line 784]
Event: 0.657 Thread 0x0000023b522e7400 Exception <a 'java/io/FileNotFoundException'{0x00000007050360f8}> (0x00000007050360f8) 
thrown [s\src\hotspot\share\prims\jni.cpp, line 535]
Event: 0.658 Thread 0x0000023b522e7400 Exception <a 'java/lang/NoSuchMethodError'{0x000000070503a360}: 'java.lang.Object java.lang.invoke.Invokers$Holder.invokeExact_MT(java.lang.Object, java.lang.Object, java.lang.Object, java.lang.Object, java.lang.Object, java.lang.Object)'> (0x000000070503a360) 
thrown [s\src\hotspot\share\interpreter\linkResolver.cpp, line 784]
Event: 0.660 Thread 0x0000023b522e7400 Exception <a 'java/io/FileNotFoundException'{0x00000007050a30e0}> (0x00000007050a30e0) 
thrown [s\src\hotspot\share\prims\jni.cpp, line 535]
Event: 0.660 Thread 0x0000023b52fd9540 Exception <a 'java/lang/NoSuchMethodError'{0x0000000705095e10}: 'void java.lang.invoke.DirectMethodHandle$Holder.invokeSpecial(java.lang.Object, java.lang.Object, java.lang.Object)'> (0x0000000705095e10) 
thrown [s\src\hotspot\share\interpreter\linkResolver.cpp, line 784]
Event: 0.660 Thread 0x0000023b522e7400 Exception <a 'java/io/FileNotFoundException'{0x00000007050a97e0}> (0x00000007050a97e0) 
thrown [s\src\hotspot\share\prims\jni.cpp, line 535]
Event: 0.661 Thread 0x0000023b522e7400 Exception <a 'java/io/FileNotFoundException'{0x00000007050e6520}> (0x00000007050e6520) 
thrown [s\src\hotspot\share\prims\jni.cpp, line 535]

ZGC Phase Switch (0 events):
No events

VM Operations (20 events):
Event: 0.490 Executing VM operation: HandshakeAllThreads (Deoptimize)
Event: 0.490 Executing VM operation: HandshakeAllThreads (Deoptimize) done
Event: 0.514 Executing VM operation: HandshakeAllThreads (Deoptimize)
Event: 0.515 Executing VM operation: HandshakeAllThreads (Deoptimize) done
Event: 0.521 Executing VM operation: HandshakeAllThreads (Deoptimize)
Event: 0.522 Executing VM operation: HandshakeAllThreads (Deoptimize) done
Event: 0.527 Executing VM operation: CollectForMetadataAllocation (Metadata GC Threshold)
Event: 0.534 Executing VM operation: CollectForMetadataAllocation (Metadata GC Threshold) done
Event: 0.535 Executing VM operation: G1PauseRemark
Event: 0.537 Executing VM operation: G1PauseRemark done
Event: 0.538 Executing VM operation: G1PauseCleanup
Event: 0.540 Executing VM operation: G1PauseCleanup done
Event: 0.573 Executing VM operation: HandshakeAllThreads (Deoptimize)
Event: 0.574 Executing VM operation: HandshakeAllThreads (Deoptimize) done
Event: 0.591 Executing VM operation: HandshakeAllThreads (Deoptimize)
Event: 0.598 Executing VM operation: HandshakeAllThreads (Deoptimize) done
Event: 0.615 Executing VM operation: HandshakeAllThreads (Deoptimize)
Event: 0.615 Executing VM operation: HandshakeAllThreads (Deoptimize) done
Event: 0.649 Executing VM operation: HandshakeAllThreads (Deoptimize)
Event: 0.649 Executing VM operation: HandshakeAllThreads (Deoptimize) done

Events (20 events):
Event: 0.475 Thread 0x0000023b522ed880 Thread added: 0x0000023b522ed880
Event: 0.475 Thread 0x0000023b522ee5a0 Thread added: 0x0000023b522ee5a0
Event: 0.476 Thread 0x0000023b522eec30 Thread added: 0x0000023b522eec30
Event: 0.480 Thread 0x0000023b525b79b0 Thread added: 0x0000023b525b79b0
Event: 0.481 Thread 0x0000023b525b7320 Thread added: 0x0000023b525b7320
Event: 0.482 Thread 0x0000023b525b8040 Thread added: 0x0000023b525b8040
Event: 0.488 Loaded shared library E:\JetBrains\Rider\jbr\bin\awt.dll
Event: 0.506 Thread 0x0000023b525b9a80 Thread added: 0x0000023b525b9a80
Event: 0.507 Thread 0x0000023b525b6600 Thread added: 0x0000023b525b6600
Event: 0.517 Loaded shared library E:\JetBrains\Rider\jbr\bin\prefs.dll
Event: 0.547 Thread 0x0000023b525ba110 Thread added: 0x0000023b525ba110
Event: 0.548 Loaded shared library E:\JetBrains\Rider\jbr\bin\sunmscapi.dll
Event: 0.549 Thread 0x0000023b525bcf00 Thread added: 0x0000023b525bcf00
Event: 0.549 Thread 0x0000023b525bb4c0 Thread added: 0x0000023b525bb4c0
Event: 0.590 Thread 0x0000023b525bd590 Thread added: 0x0000023b525bd590
Event: 0.599 Thread 0x0000023b525ba7a0 Thread added: 0x0000023b525ba7a0
Event: 0.599 Thread 0x0000023b52fd9540 Thread added: 0x0000023b52fd9540
Event: 0.601 Loaded shared library E:\JetBrains\Rider\jbr\bin\freetype.dll
Event: 0.604 Loaded shared library E:\JetBrains\Rider\jbr\bin\fontmanager.dll
Event: 0.656 Loaded shared library E:\JetBrains\Rider\jbr\bin\extnet.dll


Dynamic libraries:
0x00007ff72d470000 - 0x00007ff72d5df000 	E:\JetBrains\Rider\bin\rider64.exe
0x00007ffb07d00000 - 0x00007ffb07f63000 	C:\WINDOWS\SYSTEM32\ntdll.dll
0x00007ffb06ed0000 - 0x00007ffb06f97000 	C:\WINDOWS\System32\KERNEL32.DLL
0x00007ffb05130000 - 0x00007ffb054f7000 	C:\WINDOWS\System32\KERNELBASE.dll
0x00007ffb01360000 - 0x00007ffb013fc000 	C:\WINDOWS\SYSTEM32\apphelp.dll
0x00007ffb05f90000 - 0x00007ffb06043000 	C:\WINDOWS\System32\ADVAPI32.dll
0x00007ffb07a00000 - 0x00007ffb07aa9000 	C:\WINDOWS\System32\msvcrt.dll
0x00007ffb070c0000 - 0x00007ffb07166000 	C:\WINDOWS\System32\sechost.dll
0x00007ffb06fa0000 - 0x00007ffb070b6000 	C:\WINDOWS\System32\RPCRT4.dll
0x00007ffb06df0000 - 0x00007ffb06ec6000 	C:\WINDOWS\System32\OLEAUT32.dll
0x00007ffb056f0000 - 0x00007ffb05793000 	C:\WINDOWS\System32\msvcp_win.dll
0x00007ffb05920000 - 0x00007ffb05a6c000 	C:\WINDOWS\System32\ucrtbase.dll
0x00007ffb06a60000 - 0x00007ffb06dde000 	C:\WINDOWS\System32\combase.dll
0x00007ffb06280000 - 0x00007ffb0698b000 	C:\WINDOWS\System32\SHELL32.dll
0x00007ffb02370000 - 0x00007ffb025b1000 	C:\WINDOWS\SYSTEM32\dbghelp.dll
0x00007ffb05b50000 - 0x00007ffb05d19000 	C:\WINDOWS\System32\USER32.dll
0x00007ffb05a70000 - 0x00007ffb05a97000 	C:\WINDOWS\System32\win32u.dll
0x00007ffb07ab0000 - 0x00007ffb07ada000 	C:\WINDOWS\System32\GDI32.dll
0x00007ffb05500000 - 0x00007ffb0562b000 	C:\WINDOWS\System32\gdi32full.dll
0x00007ffb043a0000 - 0x00007ffb043cb000 	C:\WINDOWS\SYSTEM32\USERENV.dll
0x00007ffb04950000 - 0x00007ffb04976000 	C:\WINDOWS\SYSTEM32\bcrypt.dll
0x00007ffaf1ad0000 - 0x00007ffaf1b06000 	C:\WINDOWS\SYSTEM32\WINMM.dll
0x00007ffb04530000 - 0x00007ffb0453c000 	C:\WINDOWS\SYSTEM32\CRYPTBASE.DLL
0x00007ffb069d0000 - 0x00007ffb069ff000 	C:\WINDOWS\System32\IMM32.DLL
0x00007ffb02ce0000 - 0x00007ffb0351d000 	C:\WINDOWS\SYSTEM32\windows.storage.dll
0x00007ffb07180000 - 0x00007ffb0726a000 	C:\WINDOWS\System32\SHCORE.dll
0x00007ffb079a0000 - 0x00007ffb079fd000 	C:\WINDOWS\System32\shlwapi.dll
0x00007ffb04f30000 - 0x00007ffb04f5e000 	C:\WINDOWS\SYSTEM32\profapi.dll
0x00007ffb03f30000 - 0x00007ffb03f65000 	C:\WINDOWS\SYSTEM32\ntmarta.dll
0x00007ffa1db00000 - 0x00007ffa1e8b2000 	E:\JetBrains\Rider\jbr\bin\server\jvm.dll
0x00007ffb07280000 - 0x00007ffb072f4000 	C:\WINDOWS\System32\WS2_32.dll
0x00007ffb048f0000 - 0x00007ffb0493e000 	C:\WINDOWS\SYSTEM32\POWRPROF.dll
0x00007ffafbdf0000 - 0x00007ffafbdfb000 	C:\WINDOWS\SYSTEM32\VERSION.dll
0x00007ffafe050000 - 0x00007ffafe06b000 	E:\JetBrains\Rider\jbr\bin\VCRUNTIME140.dll
0x00007ffae0a00000 - 0x00007ffae0a0c000 	E:\JetBrains\Rider\jbr\bin\VCRUNTIME140_1.dll
0x00007ffb04840000 - 0x00007ffb04854000 	C:\WINDOWS\SYSTEM32\UMPDC.dll
0x00007ffae09f0000 - 0x00007ffae09fa000 	E:\JetBrains\Rider\jbr\bin\jimage.dll
0x00007ffaf0e00000 - 0x00007ffaf0e39000 	C:\WINDOWS\SYSTEM32\dbgcore.DLL
0x00007ffb05090000 - 0x00007ffb05129000 	C:\WINDOWS\System32\bcryptPrimitives.dll
0x00007ffad8210000 - 0x00007ffad821e000 	E:\JetBrains\Rider\jbr\bin\instrument.dll
0x00007ffad81f0000 - 0x00007ffad820f000 	E:\JetBrains\Rider\jbr\bin\java.dll
0x00007ffad81d0000 - 0x00007ffad81e8000 	E:\JetBrains\Rider\jbr\bin\jli.dll
0x00007ffae9e80000 - 0x00007ffae9f34000 	C:\WINDOWS\WinSxS\amd64_microsoft.windows.common-controls_6595b64144ccf1df_5.82.26100.1591_none_87f033637a2bc5aa\COMCTL32.dll
0x00007ffb03e10000 - 0x00007ffb03e2a000 	C:\WINDOWS\SYSTEM32\kernel.appcore.dll
0x00007ffacd4b0000 - 0x00007ffacd4c8000 	E:\JetBrains\Rider\jbr\bin\zip.dll
0x00007ffad81c0000 - 0x00007ffad81d0000 	E:\JetBrains\Rider\jbr\bin\net.dll
0x00007ffafdb70000 - 0x00007ffafdc8e000 	C:\WINDOWS\SYSTEM32\WINHTTP.dll
0x0000000180000000 - 0x000000018008c000 	C:\WINDOWS\system32\ASProxy64.dll
0x00007ffb06050000 - 0x00007ffb061e5000 	C:\WINDOWS\System32\ole32.dll
0x00007ffb03950000 - 0x00007ffb03983000 	C:\WINDOWS\SYSTEM32\IPHLPAPI.DLL
0x00007ffb04300000 - 0x00007ffb04368000 	C:\WINDOWS\SYSTEM32\MSWSOCK.dll
0x00007ffb040b0000 - 0x00007ffb040f8000 	C:\WINDOWS\SYSTEM32\SspiCli.dll
0x00007ffb01450000 - 0x00007ffb014fd000 	C:\WINDOWS\system32\uxtheme.dll
0x00007ffb05ee0000 - 0x00007ffb05f88000 	C:\WINDOWS\System32\clbcatq.dll
0x00007ffb04e60000 - 0x00007ffb04f01000 	C:\WINDOWS\SYSTEM32\sxs.dll
0x00007ffacd490000 - 0x00007ffacd4a6000 	E:\JetBrains\Rider\jbr\bin\nio.dll
0x00007ffad5c90000 - 0x00007ffad5c99000 	E:\JetBrains\Rider\jbr\bin\management.dll
0x00007ffacdd40000 - 0x00007ffacdd4b000 	E:\JetBrains\Rider\jbr\bin\management_ext.dll
0x00007ffb06990000 - 0x00007ffb06998000 	C:\WINDOWS\System32\PSAPI.DLL
0x00007ffada010000 - 0x00007ffada028000 	C:\WINDOWS\system32\napinsp.dll
0x00007ffb03990000 - 0x00007ffb03ab5000 	C:\WINDOWS\SYSTEM32\DNSAPI.dll
0x00007ffb07170000 - 0x00007ffb0717a000 	C:\WINDOWS\System32\NSI.dll
0x00007ffad9ff0000 - 0x00007ffada002000 	C:\WINDOWS\System32\winrnr.dll
0x00007ffad9f60000 - 0x00007ffad9f82000 	C:\WINDOWS\system32\nlansp_c.dll
0x00007ffafd5c0000 - 0x00007ffafd5d6000 	C:\WINDOWS\system32\wshbth.dll
0x00007ffafa210000 - 0x00007ffafa21b000 	C:\Windows\System32\rasadhlp.dll
0x00007ffafd250000 - 0x00007ffafd2d5000 	C:\WINDOWS\System32\fwpuclnt.dll
0x00007ffab07a0000 - 0x00007ffab07b0000 	E:\JetBrains\Rider\jbr\bin\verify.dll
0x00007ffa8ac60000 - 0x00007ffa8adf8000 	E:\JetBrains\Rider\jbr\bin\awt.dll
0x00007ffb01560000 - 0x00007ffb0158e000 	C:\WINDOWS\SYSTEM32\dwmapi.dll
0x00007ffab0750000 - 0x00007ffab0794000 	E:\JetBrains\Rider\jbr\bin\nvdaControllerClient64.dll
0x00007ffaab770000 - 0x00007ffaab7fd000 	E:\JetBrains\Rider\bin\MSVCP140.dll
0x00007ffaaec60000 - 0x00007ffaaec69000 	E:\JetBrains\Rider\jbr\bin\prefs.dll
0x00007ffaaec50000 - 0x00007ffaaec5e000 	E:\JetBrains\Rider\jbr\bin\sunmscapi.dll
0x00007ffb057a0000 - 0x00007ffb05916000 	C:\WINDOWS\System32\CRYPT32.dll
0x00007ffb048b0000 - 0x00007ffb048e0000 	C:\WINDOWS\SYSTEM32\ncrypt.dll
0x00007ffb04860000 - 0x00007ffb0489f000 	C:\WINDOWS\SYSTEM32\NTASN1.dll
0x00007ffb05d80000 - 0x00007ffb05edb000 	C:\WINDOWS\System32\MSCTF.dll
0x00007ffad6c20000 - 0x00007ffad6c28000 	C:\WINDOWS\system32\wshunix.dll
0x00007ffaab6e0000 - 0x00007ffaab767000 	E:\JetBrains\Rider\jbr\bin\freetype.dll
0x00007ffa8ab70000 - 0x00007ffa8ac55000 	E:\JetBrains\Rider\jbr\bin\fontmanager.dll
0x00007ffb046b0000 - 0x00007ffb046cc000 	C:\WINDOWS\SYSTEM32\CRYPTSP.dll
0x00007ffb03d70000 - 0x00007ffb03da8000 	C:\WINDOWS\system32\rsaenh.dll
0x00007ffae4d00000 - 0x00007ffae4e0c000 	C:\WINDOWS\system32\opengl32.dll
0x00007ffae4ae0000 - 0x00007ffae4b0d000 	C:\WINDOWS\SYSTEM32\GLU32.dll
0x00007ffb015b0000 - 0x00007ffb015f7000 	C:\WINDOWS\SYSTEM32\dxcore.dll
0x00007ffaaec40000 - 0x00007ffaaec49000 	E:\JetBrains\Rider\jbr\bin\extnet.dll

dbghelp: loaded successfully - version: 4.0.5 - missing functions: none
symbol engine: initialized successfully - sym options: 0x614 - pdb path: .;E:\JetBrains\Rider\bin;C:\WINDOWS\SYSTEM32;E:\JetBrains\Rider\jbr\bin\server;E:\JetBrains\Rider\jbr\bin;C:\WINDOWS\WinSxS\amd64_microsoft.windows.common-controls_6595b64144ccf1df_5.82.26100.1591_none_87f033637a2bc5aa

VM Arguments:
jvm_args: abort vfprintf -XX:ErrorFile=C:\Users\counull\java_error_in_rider_%p.log -XX:HeapDumpPath=C:\Users\counull\java_error_in_rider.hprof -Xms128m -Xmx2048m -XX:+HeapDumpOnOutOfMemoryError -XX:-OmitStackTraceInFastThrow -XX:+IgnoreUnrecognizedVMOptions -ea -Dsun.io.useCanonCaches=false -Dsun.java2d.metal=true -Djbr.catch.SIGABRT=true -Djdk.http.auth.tunneling.disabledSchemes="" -Djdk.attach.allowAttachSelf=true -Djdk.module.illegalAccess.silent=true -Dkotlinx.coroutines.debug=off -XX:CICompilerCount=2 -XX:ReservedCodeCacheSize=512m -XX:+UnlockDiagnosticVMOptions -XX:TieredOldPercentage=100000 -Xms128m -Xmx4096m -XX:ReservedCodeCacheSize=512m -XX:+IgnoreUnrecognizedVMOptions -XX:+UseG1GC -XX:SoftRefLRUPolicyMSPerMB=50 -XX:CICompilerCount=2 -XX:+HeapDumpOnOutOfMemoryError -XX:-OmitStackTraceInFastThrow -ea -Dsun.io.useCanonCaches=false -Djdk.http.auth.tunneling.disabledSchemes="" -Djdk.attach.allowAttachSelf=true -Djdk.module.illegalAccess.silent=true -Dkotlinx.coroutines.debug=off -XX:ErrorFile=$USER_HOME/java_error_in_idea_%p.log -XX:HeapDumpPath=$USER_HOME/java_error_in_idea.hprof --add-opens=java.base/jdk.internal.org.objectweb.asm=ALL-UNNAMED --add-opens=java.base/jdk.internal.org.objectweb.asm.tree=ALL-UNNAMED -javaagent:F:\jetbra\ja-netfilter.jar=jetbrains -Djb.vmOptionsFile=F:\jetbra\vmoptions\rider.vmoptions -Djava.system.class.loader=com.intellij.util.lang.PathClassLoader -Didea.vendor.name=JetBrains -Didea.paths.selector=Rider2024.2 -Djna.boot.library.path=E:\JetBrains\Rider/lib/jna/amd64 -Dpty4j.preferred.native.folder=E:\JetBrains\Rider/lib/pty4j -Djna.nosys=true -Djna.noclasspath=true -Dintellij.platform.runtime.repository.path=E:\JetBrains\Rider/modules/module-descriptors.jar -Didea.platform.prefix=Rider -Dide.native.launcher=true -Didea.class.before.app=com.jetbrains.rider.protocol.EarlyBackendStarter -Didea.show.customize.ide.wizard=true -DFilePageCache.THROW_ERROR_ON_DUPLICATE_STORAGE_REGISTRATION=false -Dsplash=true -Daether.connector.resumeDownloads=false --add-opens=java.base/java.io=ALL-UNNAMED --add-opens=java.base/java.lang=ALL-UNNAMED --add-opens=java.base/java.lang.ref=ALL-UNNAMED --add-opens=java.base/java.lang.reflect=ALL-UNNAMED --add-opens=java.base/java.net=ALL-UNNAMED --add-opens=java.base/java.nio=ALL-UNNAMED --add-opens=java.base/java.nio.charset=ALL-UNNAMED --add-opens=java.base/java.text=ALL-UNNAMED --add-opens=java.base/java.time=ALL-UNNAMED --add-opens=java.base/java.util=ALL-UNNAMED --add-opens=java.base/java.util.concurrent=ALL-UNNAMED --add-opens=java.base/java.util.concurrent.atomic=ALL-UNNAMED --add-opens=java.base/java.util.concurrent.locks=ALL-UNNAMED --add-opens=java.base/jdk.internal.vm=ALL-UNNAMED --add-opens=java.base/sun.net.dns=ALL-UNNAMED --add-opens=java.base/sun.nio.ch=ALL-UNNAMED --add-opens=java.base/sun.nio.fs=ALL-UNNAMED --add-opens=java.base/sun.security.ssl=ALL-UNNAMED --add-opens=java.base/sun.security.util=ALL-UNNAMED --add-opens=java.desktop/com.sun.java.swing=ALL-UNNAMED --add-opens=java.desktop/java.awt=ALL-UNNAMED --add-opens=java.desktop/java.awt.dnd.peer=ALL-UNNAMED --add-opens=java.desktop/java.awt.event=ALL-UNNAMED --add-opens=java.desktop/java.awt.font=ALL-UNNAMED --add-opens=java.desktop/java.awt.image=ALL-UNNAMED --add-opens=java.desktop/java.awt.peer=ALL-UNNAMED --add-opens=java.desktop/javax.swing=ALL-UNNAMED --add-opens=java.desktop/javax.swing.plaf.basic=ALL-UNNAMED --add-opens=java.desktop/javax.swing.text=ALL-UNNAMED --add-opens=java.desktop/javax.swing.text.html=ALL-UNNAMED --add-opens=java.desktop/sun.awt=ALL-UNNAMED --add-opens=java.desktop/sun.awt.datatransfer=ALL-UNNAMED --add-opens=java.desktop/sun.awt.image=ALL-UNNAMED --add-opens=java.desktop/sun.awt.windows=ALL-UNNAMED --add-opens=java.desktop/sun.font=ALL-UNNAMED --add-opens=java.desktop/sun.java2d=ALL-UNNAMED --add-opens=java.desktop/sun.swing=ALL-UNNAMED --add-opens=java.management/sun.management=ALL-UNNAMED --add-opens=jdk.attach/sun.tools.attach=ALL-UNNAMED --add-opens=jdk.compiler/com.sun.tools.javac.api=ALL-UNNAMED --add-opens=jdk.internal.jvmstat/sun.jvmstat.monitor=ALL-UNNAMED --add-opens=jdk.jdi/com.sun.tools.jdi=ALL-UNNAMED -Dide.native.launcher=true -Djcef.sandbox.ptr=0000023B753397A0 -Djcef.sandbox.cefVersion=122.1.9+gd14e051+chromium-122.0.6261.94 
java_command: com.intellij.idea.Main F:\Project\UnityProject\Dots-2D-URP\Dots-2D-URP.sln --line -1 --column -1 F:\Project\UnityProject\Dots-2D-URP\Assets\Scripts\GameBootstrap.cs
java_class_path (initial): E:\JetBrains\Rider\lib\platform-loader.jar;E:\JetBrains\Rider\lib\util-8.jar;E:\JetBrains\Rider\lib\util.jar;E:\JetBrains\Rider\lib\app-client.jar;E:\JetBrains\Rider\lib\util_rt.jar;E:\JetBrains\Rider\lib\product.jar;E:\JetBrains\Rider\lib\opentelemetry.jar;E:\JetBrains\Rider\lib\app.jar;E:\JetBrains\Rider\lib\product-client.jar;E:\JetBrains\Rider\lib\lib-client.jar;E:\JetBrains\Rider\lib\stats.jar;E:\JetBrains\Rider\lib\jps-model.jar;E:\JetBrains\Rider\lib\external-system-rt.jar;E:\JetBrains\Rider\lib\rd.jar;E:\JetBrains\Rider\lib\bouncy-castle.jar;E:\JetBrains\Rider\lib\protobuf.jar;E:\JetBrains\Rider\lib\forms_rt.jar;E:\JetBrains\Rider\lib\lib.jar;E:\JetBrains\Rider\lib\externalProcess-rt.jar;E:\JetBrains\Rider\lib\groovy.jar;E:\JetBrains\Rider\lib\annotations.jar;E:\JetBrains\Rider\lib\jsch-agent.jar;E:\JetBrains\Rider\lib\nio-fs.jar;E:\JetBrains\Rider\lib\trove.jar
Launcher Type: generic

[Global flags]
     intx CICompilerCount                          = 2                                         {product} {command line}
     uint ConcGCThreads                            = 3                                         {product} {ergonomic}
    ccstr ErrorFile                                = $USER_HOME/java_error_in_idea_%p.log            {product} {command line}
     uint G1ConcRefinementThreads                  = 13                                        {product} {ergonomic}
   size_t G1HeapRegionSize                         = 2097152                                   {product} {ergonomic}
    uintx GCDrainStackTargetSize                   = 64                                        {product} {ergonomic}
     bool HeapDumpOnOutOfMemoryError               = true                                   {manageable} {command line}
    ccstr HeapDumpPath                             = $USER_HOME/java_error_in_idea.hprof         {manageable} {command line}
     bool IgnoreUnrecognizedVMOptions              = true                                      {product} {command line}
   size_t InitialHeapSize                          = 134217728                                 {product} {command line}
   size_t MarkStackSize                            = 4194304                                   {product} {ergonomic}
   size_t MaxHeapSize                              = 4294967296                                {product} {command line}
   size_t MaxNewSize                               = 2575302656                                {product} {ergonomic}
   size_t MinHeapDeltaBytes                        = 2097152                                   {product} {ergonomic}
   size_t MinHeapSize                              = 134217728                                 {product} {command line}
    uintx NonNMethodCodeHeapSize                   = 5826188                                {pd product} {ergonomic}
    uintx NonProfiledCodeHeapSize                  = 265522362                              {pd product} {ergonomic}
     bool OmitStackTraceInFastThrow                = false                                     {product} {command line}
    uintx ProfiledCodeHeapSize                     = 265522362                              {pd product} {ergonomic}
    uintx ReservedCodeCacheSize                    = 536870912                              {pd product} {command line}
     bool SegmentedCodeCache                       = true                                      {product} {ergonomic}
   size_t SoftMaxHeapSize                          = 4294967296                             {manageable} {ergonomic}
     intx SoftRefLRUPolicyMSPerMB                  = 50                                        {product} {command line}
     intx TieredOldPercentage                      = 100000                                 {diagnostic} {command line}
     bool UnlockDiagnosticVMOptions                = true                                   {diagnostic} {command line}
     bool UseCompressedOops                        = true                           {product lp64_product} {ergonomic}
     bool UseG1GC                                  = true                                      {product} {command line}
     bool UseLargePagesIndividualAllocation        = false                                  {pd product} {ergonomic}

Logging:
Log output configuration:
 #0: stdout all=warning uptime,level,tags foldmultilines=false
 #1: stderr all=off uptime,level,tags foldmultilines=false

Environment Variables:
CLASSPATH=.;%JAVA_HOME%\lib\dt.jar;%JAVA_HOME%\lib\tools.jar
PATH=E:\programTools\SDK\Python312\;E:\programTools\SDK\Python312\Scripts\;E:\programTools\SDK\Python310\;E:\programTools\SDK\Python310\Scripts\;C:\Program Files (x86)\Common Files\Intel\Shared Libraries\redist\intel64\compiler;D:\Oculus\Support\oculus-runtime;E:\programTools\SDK\Python39;E:\programTools\SDK\Python39\Scripts;D:\Vm\bin\;C:\WINDOWS\system32;C:\WINDOWS;C:\WINDOWS\SysWOW64;C:\WINDOWS\System32\Wbem;C:\WINDOWS\System32\WindowsPowerShell\v1.0\;C:\WINDOWS\System32\OpenSSH\;E:\programTools\tool\CMake\bin;C:\Program Files (x86)\NVIDIA Corporation\PhysX\Common;E:\programTools\tool\vcpkg;D:\mysql\bin;C:\Program Files (x86)\Microsoft SQL Server\150\Tools\Binn\;C:\Program Files\Microsoft SQL Server\150\DTS\Binn\;C:\Program Files\Microsoft SQL Server\130\Tools\Binn\;C:\Program Files\Microsoft SQL Server\150\Tools\Binn\;C:\Program Files\Microsoft SQL Server\Client SDK\ODBC\170\Tools\Binn\;C:\Program Files\Microsoft SQL Server\120\Tools\Binn\;C:\Program Files\Microsoft SQL Server\140\Tools\Binn\;E:\programTools\SDK\Lua;E:\programTools\SDK\nodejs\;C:\ProgramData\chocolatey\bin;C:\Users\counull\.platformio\penv\Scripts\;E:\programTools\tool\SVN\bin;C:\Program Files\Microsoft Visual Studio\2022\Community\Msbuild\Current\Bin\amd64;E:\programTools\SDK\vulkan\Bin;E:\programTools\SDK\vulkan\Include;E:\programTools\SDK\vulkan\Third-Party\Bin;E:\programTools\SDK\vulkan\Third-Party\Include;E:\programTools\SDK\vulkan\Include\vulkan;C:\Program Files (x86)\STMicroelectronics\STM32 ST-LINK Utility\ST-LINK Utility;D:\SDK\Android\platform-tools;E:\programTools\SDK\vulkan\Lib;E:\programTools\SDK\vulkan\Bin32;E:\JetBrains\Scripts;C:\Program Files\dotnet\;E:\programTools\IDE\Qt6.3\6.3.2\msvc2019_64\bin;E:\programTools\SDK\OpenCv\opencv\build\x64\vc15\bin;E:\programTools\IDE\LLVM\bin;E:\programTools\tool\msys64;D:\putty\;D:\WinSCP\;C:\Program Files\Tailscale\;C:\Program Files\GitHub CLI\;C:\Program Files\NVIDIA Corporation\Nsight Compute 2024.1.0\;C:\Program Files\NVIDIA Corporation\NVIDIA app\NvDLISR;E:\programTools\tool\Git\cmd;C:\WINDOWS\system32;C:\WINDOWS;C:\WINDOWS\System32\Wbem;C:\WINDOWS\System32\WindowsPowerShell\v1.0\;C:\WINDOWS\System32\OpenSSH\;C:\Program Files\Microsoft SQL Server\150\Tools\Binn\;E:\programTools\tool\scoop\scoop\shims;E:\programTools\SDK\Rust\cargo\bin;E:\programTools\SDK\Rust\.cargo\bin;C:\Users\counull\AppData\Local\Microsoft\WindowsApps;C:\Users\counull\AppData\Local\Programs\Microsoft VS Code\bin;C:\Users\counull\AppData\Local\GitHubDesktop\bin;E:\programTools\IDE\clion\CLion 2021.1\bin;C:\Users\counull\AppData\Roaming\npm;E:\bandizip\;E:\programTools\IDE\IDEA\IntelliJ IDEA Community Edition 2021.1.2\bin;E:\programTools\IDE\IDEA\JetBrains Rider 2021.2.2\bin;C:\Users\counull\.dotnet\tools;C:\Users\counull\AppData\Local\JetBrains\Toolbox\scripts;E:\JetBrains\Scripts;E:\programTools\tool\msys64\mingw64\bin;E:\programTools\IDE\mingw64\bin;E:\Desktop\CppProject\DxDragon\build\Dx12\;C:\Program Files (x86)\Windows Kits\10\Lib\10.0.22621.0\um\x64;E:\programTools\IDE\Qt6.3\6.3.2\msvc2019_64\include;E:\programTools\tool\scoop\scoop\apps\cmake\current\bin;E:\programTools\tool\ffmpeg\bin;C:\WINDOWS\system32\WindowsPowerShell\v1.0\;D:\OpenSSL-Win64\bin;C:\Users\counull\.dotnet\tools;C:\Users\counull\AppData\Local\Microsoft\WindowsApps;
USERNAME=counull
OS=Windows_NT
PROCESSOR_IDENTIFIER=AMD64 Family 23 Model 113 Stepping 0, AuthenticAMD
TMP=C:\Users\counull\AppData\Local\Temp
TEMP=C:\Users\counull\AppData\Local\Temp




Periodic native trim disabled

JNI global refs:
JNI global refs: 37, weak refs: 1

JNI global refs memory usage: 835, weak refs: 833

Process memory usage:
Resident Set Size: 248440K (0% of 33478216K total physical memory with 10979244K free physical memory)

OOME stack traces (most recent first):
Classloader memory used:
Loader bootstrap                                                                       : 21124K
Loader com.intellij.util.lang.PathClassLoader                                          : 11834K
Loader jdk.internal.loader.ClassLoaders$AppClassLoader                                 : 364K
Loader jdk.internal.loader.ClassLoaders$PlatformClassLoader                            : 183K
Loader com.janetfilter.core.plugin.PluginClassLoader                                   : 11880B

Classes loaded by more than one classloader:
Class com.janetfilter.plugins.power.PowerPlugin                                       : loaded 2 times (x 83B)
Class com.janetfilter.plugins.url.URLFilterPlugin                                     : loaded 2 times (x 83B)
Class com.janetfilter.plugins.hideme.HideMePlugin                                     : loaded 2 times (x 83B)
Class com.janetfilter.plugins.dns.DNSFilterPlugin                                     : loaded 2 times (x 83B)

---------------  S Y S T E M  ---------------

OS:
 Windows 11 , 64 bit Build 26100 (10.0.26100.2992)
OS uptime: 3 days 21:27 hours
Hyper-V role detected

CPU: total 16 (initial active 16) (16 cores per cpu, 2 threads per core) family 23 model 113 stepping 0 microcode 0x8701021, cx8, cmov, fxsr, ht, mmx, 3dnowpref, sse, sse2, sse3, ssse3, sse4a, sse4.1, sse4.2, popcnt, lzcnt, tsc, tscinvbit, avx, avx2, aes, clmul, bmi1, bmi2, adx, sha, fma, vzeroupper, clflush, clflushopt, hv, rdtscp, rdpid, f16c
Processor Information for all 16 processors :
  Max Mhz: 3600, Current Mhz: 3600, Mhz Limit: 3600

Memory: 4k page, system-wide physical 32693M (10721M free)
TotalPageFile size 36149M (AvailPageFile size 11268M)
current process WorkingSet (physical memory assigned to process): 242M, peak: 242M
current process commit charge ("private bytes"): 293M, peak: 293M

vm_info: OpenJDK 64-Bit Server VM (21.0.3+13-b509.15) for windows-amd64 JRE (21.0.3+13-b509.15), built on 2024-09-04 by "builduser" with MS VC++ 16.10 / 16.11 (VS2019)

END.
